# JRE version: OpenJDK Runtime Environment AdoptOpenJDK (11.0.9.1+1) (build 11.0.9.1+1)
# Java VM: OpenJDK 64-Bit Server VM AdoptOpenJDK (11.0.9.1+1, mixed mode, tiered, compressed oops, g1 gc, linux-amd64)
Heap:
 garbage-first heap   total 95232K, used 29270K [0x00000000c0000000, 0x0000000100000000)
  region size 1024K, 3 young (3072K), 1 survivors (1024K)
 Metaspace       used 37297K, capacity 40281K, committed 40576K, reserved 1085440K
  class space    used 4165K, capacity 5185K, committed 5248K, reserved 1048576K
GC Heap History (20 events):
Event: 6,794 GC heap before
{Heap before GC invocations=6 (full 0):
 garbage-first heap   total 65536K, used 40960K [0x00000000c0000000, 0x0000000100000000)
  region size 1024K, 11 young (11264K), 1 survivors (1024K)
 Metaspace       used 14130K, capacity 14386K, committed 14720K, reserved 1062912K
  class space    used 1365K, capacity 1407K, committed 1408K, reserved 1048576K
}
Event: 6,799 GC heap after
{Heap after GC invocations=7 (full 0):
 garbage-first heap   total 78848K, used 32768K [0x00000000c0000000, 0x0000000100000000)
  region size 1024K, 2 young (2048K), 2 survivors (2048K)
 Metaspace       used 14130K, capacity 14386K, committed 14720K, reserved 1062912K
  class space    used 1365K, capacity 1407K, committed 1408K, reserved 1048576K
}
Event: 6,967 GC heap before
{Heap before GC invocations=7 (full 0):
 garbage-first heap   total 78848K, used 48128K [0x00000000c0000000, 0x0000000100000000)
  region size 1024K, 17 young (17408K), 2 survivors (2048K)
 Metaspace       used 14156K, capacity 14450K, committed 14720K, reserved 1062912K
  class space    used 1365K, capacity 1407K, committed 1408K, reserved 1048576K
}
Event: 6,980 GC heap after
{Heap after GC invocations=8 (full 0):
 garbage-first heap   total 78848K, used 35552K [0x00000000c0000000, 0x0000000100000000)
  region size 1024K, 3 young (3072K), 3 survivors (3072K)
 Metaspace       used 14156K, capacity 14450K, committed 14720K, reserved 1062912K
  class space    used 1365K, capacity 1407K, committed 1408K, reserved 1048576K
}
Event: 7,954 GC heap before
{Heap before GC invocations=9 (full 0):
 garbage-first heap   total 78848K, used 49888K [0x00000000c0000000, 0x0000000100000000)
  region size 1024K, 18 young (18432K), 3 survivors (3072K)
 Metaspace       used 17623K, capacity 18375K, committed 18688K, reserved 1067008K
  class space    used 1766K, capacity 1975K, committed 2048K, reserved 1048576K
}
Event: 7,977 GC heap after
{Heap after GC invocations=10 (full 0):
 garbage-first heap   total 78848K, used 38535K [0x00000000c0000000, 0x0000000100000000)
  region size 1024K, 3 young (3072K), 3 survivors (3072K)
 Metaspace       used 17623K, capacity 18375K, committed 18688K, reserved 1067008K
  class space    used 1766K, capacity 1975K, committed 2048K, reserved 1048576K
}
Event: 8,418 GC heap before
{Heap before GC invocations=10 (full 0):
 garbage-first heap   total 78848K, used 52871K [0x00000000c0000000, 0x0000000100000000)
  region size 1024K, 18 young (18432K), 3 survivors (3072K)
 Metaspace       used 17846K, capacity 18641K, committed 18944K, reserved 1067008K
  class space    used 1767K, capacity 1975K, committed 2048K, reserved 1048576K
}
Event: 8,434 GC heap after
{Heap after GC invocations=11 (full 0):
 garbage-first heap   total 78848K, used 41231K [0x00000000c0000000, 0x0000000100000000)
  region size 1024K, 3 young (3072K), 3 survivors (3072K)
 Metaspace       used 17846K, capacity 18641K, committed 18944K, reserved 1067008K
  class space    used 1767K, capacity 1975K, committed 2048K, reserved 1048576K
}
Event: 8,831 GC heap before
{Heap before GC invocations=12 (full 0):
 garbage-first heap   total 78848K, used 36111K [0x00000000c0000000, 0x0000000100000000)
  region size 1024K, 17 young (17408K), 3 survivors (3072K)
 Metaspace       used 17934K, capacity 18705K, committed 18944K, reserved 1067008K
  class space    used 1767K, capacity 1975K, committed 2048K, reserved 1048576K
}
Event: 8,845 GC heap after
{Heap after GC invocations=13 (full 0):
 garbage-first heap   total 78848K, used 25469K [0x00000000c0000000, 0x0000000100000000)
  region size 1024K, 3 young (3072K), 3 survivors (3072K)
 Metaspace       used 17934K, capacity 18705K, committed 18944K, reserved 1067008K
  class space    used 1767K, capacity 1975K, committed 2048K, reserved 1048576K
}
Event: 8,869 GC heap before
{Heap before GC invocations=13 (full 0):
 garbage-first heap   total 78848K, used 26493K [0x00000000c0000000, 0x0000000100000000)
  region size 1024K, 4 young (4096K), 3 survivors (3072K)
 Metaspace       used 17941K, capacity 18705K, committed 18944K, reserved 1067008K
  class space    used 1767K, capacity 1975K, committed 2048K, reserved 1048576K
}
Event: 8,881 GC heap after
{Heap after GC invocations=14 (full 0):
 garbage-first heap   total 95232K, used 19831K [0x00000000c0000000, 0x0000000100000000)
  region size 1024K, 1 young (1024K), 1 survivors (1024K)
 Metaspace       used 17941K, capacity 18705K, committed 18944K, reserved 1067008K
  class space    used 1767K, capacity 1975K, committed 2048K, reserved 1048576K
}
Event: 10,773 GC heap before
{Heap before GC invocations=14 (full 0):
 garbage-first heap   total 95232K, used 45431K [0x00000000c0000000, 0x0000000100000000)
  region size 1024K, 27 young (27648K), 1 survivors (1024K)
 Metaspace       used 24394K, capacity 26253K, committed 26624K, reserved 1073152K
  class space    used 2421K, capacity 3015K, committed 3072K, reserved 1048576K
}
Event: 10,787 GC heap after
{Heap after GC invocations=15 (full 0):
 garbage-first heap   total 95232K, used 23552K [0x00000000c0000000, 0x0000000100000000)
  region size 1024K, 4 young (4096K), 4 survivors (4096K)
 Metaspace       used 24394K, capacity 26253K, committed 26624K, reserved 1073152K
  class space    used 2421K, capacity 3015K, committed 3072K, reserved 1048576K
}
Event: 12,139 GC heap before
{Heap before GC invocations=15 (full 0):
 garbage-first heap   total 95232K, used 33792K [0x00000000c0000000, 0x0000000100000000)
  region size 1024K, 16 young (16384K), 4 survivors (4096K)
 Metaspace       used 28910K, capacity 31428K, committed 31488K, reserved 1077248K
  class space    used 2988K, capacity 3833K, committed 3840K, reserved 1048576K
}
Event: 12,146 GC heap after
{Heap after GC invocations=16 (full 0):
 garbage-first heap   total 95232K, used 25555K [0x00000000c0000000, 0x0000000100000000)
  region size 1024K, 2 young (2048K), 2 survivors (2048K)
 Metaspace       used 28910K, capacity 31428K, committed 31488K, reserved 1077248K
  class space    used 2988K, capacity 3833K, committed 3840K, reserved 1048576K
}
Event: 14,051 GC heap before
{Heap before GC invocations=17 (full 0):
 garbage-first heap   total 95232K, used 57299K [0x00000000c0000000, 0x0000000100000000)
  region size 1024K, 27 young (27648K), 2 survivors (2048K)
 Metaspace       used 36826K, capacity 39808K, committed 40064K, reserved 1083392K
  class space    used 4103K, capacity 5132K, committed 5248K, reserved 1048576K
}
Event: 14,076 GC heap after
{Heap after GC invocations=18 (full 0):
 garbage-first heap   total 95232K, used 29153K [0x00000000c0000000, 0x0000000100000000)
  region size 1024K, 4 young (4096K), 4 survivors (4096K)
 Metaspace       used 36826K, capacity 39808K, committed 40064K, reserved 1083392K
  class space    used 4103K, capacity 5132K, committed 5248K, reserved 1048576K
}
Event: 14,121 GC heap before
{Heap before GC invocations=18 (full 0):
 garbage-first heap   total 95232K, used 30177K [0x00000000c0000000, 0x0000000100000000)
  region size 1024K, 5 young (5120K), 4 survivors (4096K)
 Metaspace       used 37026K, capacity 40040K, committed 40320K, reserved 1085440K
  class space    used 4129K, capacity 5167K, committed 5248K, reserved 1048576K
}
Event: 14,135 GC heap after
{Heap after GC invocations=19 (full 0):
 garbage-first heap   total 95232K, used 28246K [0x00000000c0000000, 0x0000000100000000)
  region size 1024K, 1 young (1024K), 1 survivors (1024K)
 Metaspace       used 37026K, capacity 40040K, committed 40320K, reserved 1085440K
  class space    used 4129K, capacity 5167K, committed 5248K, reserved 1048576K
}

